0 info it worked if it ends with ok
1 verbose cli [ 'node',
1 verbose cli   'C:\\Users\\Moses\\AppData\\Roaming\\npm\\node_modules\\npm\\bin\\npm-cli.js',
1 verbose cli   'install',
1 verbose cli   '/m' ]
2 info using npm@2.1.2
3 info using node@v0.10.32
4 silly cache add args [ '/m', null ]
5 verbose cache add spec /m
6 silly cache add parsed spec { raw: '/m',
6 silly cache add   scope: null,
6 silly cache add   name: null,
6 silly cache add   rawSpec: '/m',
6 silly cache add   spec: 'C:\\m',
6 silly cache add   type: 'local' }
7 silly addNonLocal parsed spec { raw: 'C:\\m',
7 silly addNonLocal   scope: null,
7 silly addNonLocal   name: null,
7 silly addNonLocal   rawSpec: 'C:\\m',
7 silly addNonLocal   spec: 'C:\\m',
7 silly addNonLocal   type: 'local' }
8 verbose stack Error: couldn't figure out how to install C:\m
8 verbose stack     at addNonLocal (C:\Users\Moses\AppData\Roaming\npm\node_modules\npm\lib\cache.js:312:12)
8 verbose stack     at C:\Users\Moses\AppData\Roaming\npm\node_modules\npm\lib\cache.js:281:20
8 verbose stack     at Object.oncomplete (evalmachine.<anonymous>:107:15)
9 verbose cwd C:\Users\Moses\mean\church-app
10 error Windows_NT 6.2.9200
11 error argv "node" "C:\\Users\\Moses\\AppData\\Roaming\\npm\\node_modules\\npm\\bin\\npm-cli.js" "install" "/m"
12 error node v0.10.32
13 error npm  v2.1.2
14 error couldn't figure out how to install C:\m
15 error If you need help, you may report this error at:
15 error     <http://github.com/npm/npm/issues>
16 verbose exit [ 1, true ]
